<?xml version="1.0" encoding="UTF-8"?>
<testng-results ignored="0" total="1" passed="1" failed="0" skipped="0">
  <reporter-output>
  </reporter-output>
  <suite started-at="2023-10-14T14:07:06 IST" name="Default suite" finished-at="2023-10-14T14:07:57 IST" duration-ms="51194">
    <groups>
    </groups>
    <test started-at="2023-10-14T14:07:06 IST" name="Default test" finished-at="2023-10-14T14:07:57 IST" duration-ms="51194">
      <class name="testNG.Dropdown">
        <test-method is-config="true" signature="setUp()[pri:0, instance:testNG.Dropdown@183ec003]" started-at="2023-10-14T14:07:06 IST" name="setUp" finished-at="2023-10-14T14:07:54 IST" duration-ms="47660" status="PASS">
          <reporter-output>
          </reporter-output>
        </test-method> <!-- setUp -->
        <test-method signature="dropdown()[pri:0, instance:testNG.Dropdown@183ec003]" started-at="2023-10-14T14:07:54 IST" name="dropdown" finished-at="2023-10-14T14:07:57 IST" duration-ms="3432" status="PASS">
          <reporter-output>
          </reporter-output>
        </test-method> <!-- dropdown -->
      </class> <!-- testNG.Dropdown -->
    </test> <!-- Default test -->
  </suite> <!-- Default suite -->
</testng-results>
