<?xml version="1.0" encoding="UTF-8"?>
<testng-results ignored="0" total="1" passed="1" failed="0" skipped="0">
  <reporter-output>
  </reporter-output>
  <suite started-at="2024-11-19T12:47:52 IST" name="Default suite" finished-at="2024-11-19T12:48:21 IST" duration-ms="28742">
    <groups>
    </groups>
    <test started-at="2024-11-19T12:47:52 IST" name="Default test" finished-at="2024-11-19T12:48:21 IST" duration-ms="28742">
      <class name="testNG.Dragdrop">
        <test-method is-config="true" signature="setUp()[pri:0, instance:testNG.Dragdrop@183ec003]" started-at="2024-11-19T12:47:53 IST" name="setUp" finished-at="2024-11-19T12:48:21 IST" duration-ms="28186" status="PASS">
          <reporter-output>
          </reporter-output>
        </test-method> <!-- setUp -->
        <test-method signature="dragdrop()[pri:0, instance:testNG.Dragdrop@183ec003]" started-at="2024-11-19T12:48:21 IST" name="dragdrop" finished-at="2024-11-19T12:48:21 IST" duration-ms="457" status="PASS">
          <reporter-output>
          </reporter-output>
        </test-method> <!-- dragdrop -->
      </class> <!-- testNG.Dragdrop -->
    </test> <!-- Default test -->
  </suite> <!-- Default suite -->
</testng-results>
